[0.089s] DEBUG:colcon:Command line arguments: ['/usr/bin/colcon', 'build', '--packages-select', 'demo_takeoff_flight_land']
[0.089s] DEBUG:colcon:Parsed command line arguments: Namespace(log_base=None, log_level=None, verb_name='build', build_base='build', install_base='install', merge_install=False, symlink_install=False, test_result_base=None, continue_on_error=False, executor='parallel', parallel_workers=16, event_handlers=None, ignore_user_meta=False, metas=['./colcon.meta'], base_paths=['.'], packages_ignore=None, packages_ignore_regex=None, paths=None, packages_up_to=None, packages_up_to_regex=None, packages_above=None, packages_above_and_dependencies=None, packages_above_depth=None, packages_select_by_dep=None, packages_skip_by_dep=None, packages_skip_up_to=None, packages_select_build_failed=False, packages_skip_build_finished=False, packages_select_test_failures=False, packages_skip_test_passed=False, packages_select=['demo_takeoff_flight_land'], packages_skip=None, packages_select_regex=None, packages_skip_regex=None, packages_start=None, packages_end=None, allow_overriding=[], cmake_args=None, cmake_target=None, cmake_target_skip_unavailable=False, cmake_clean_cache=False, cmake_clean_first=False, cmake_force_configure=False, ament_cmake_args=None, catkin_cmake_args=None, catkin_skip_building_tests=False, verb_parser=<colcon_defaults.argument_parser.defaults.DefaultArgumentsDecorator object at 0x7f78ab168f70>, verb_extension=<colcon_core.verb.build.BuildVerb object at 0x7f78ab262b30>, main=<bound method BuildVerb.main of <colcon_core.verb.build.BuildVerb object at 0x7f78ab262b30>>)
[0.126s] Level 1:colcon.colcon_core.package_discovery:discover_packages(colcon_meta) check parameters
[0.126s] Level 1:colcon.colcon_core.package_discovery:discover_packages(recursive) check parameters
[0.127s] Level 1:colcon.colcon_core.package_discovery:discover_packages(ignore) check parameters
[0.127s] Level 1:colcon.colcon_core.package_discovery:discover_packages(path) check parameters
[0.127s] Level 1:colcon.colcon_core.package_discovery:discover_packages(colcon_meta) discover
[0.127s] Level 1:colcon.colcon_core.package_discovery:discover_packages(recursive) discover
[0.127s] INFO:colcon.colcon_core.package_discovery:Crawling recursively for packages in '/home/luckiop/IDEA_learn_ws/ros2_ws/demo_起飞飞行降落'
[0.127s] Level 1:colcon.colcon_core.package_identification:_identify(.) by extensions ['ignore', 'ignore_ament_install']
[0.127s] Level 1:colcon.colcon_core.package_identification:_identify(.) by extension 'ignore'
[0.127s] Level 1:colcon.colcon_core.package_identification:_identify(.) by extension 'ignore_ament_install'
[0.127s] Level 1:colcon.colcon_core.package_identification:_identify(.) by extensions ['colcon_pkg']
[0.127s] Level 1:colcon.colcon_core.package_identification:_identify(.) by extension 'colcon_pkg'
[0.127s] Level 1:colcon.colcon_core.package_identification:_identify(.) by extensions ['colcon_meta']
[0.127s] Level 1:colcon.colcon_core.package_identification:_identify(.) by extension 'colcon_meta'
[0.127s] Level 1:colcon.colcon_core.package_identification:_identify(.) by extensions ['ros']
[0.127s] Level 1:colcon.colcon_core.package_identification:_identify(.) by extension 'ros'
[0.139s] Level 1:colcon.colcon_core.package_identification:_identify(.) by extensions ['cmake', 'python']
[0.139s] Level 1:colcon.colcon_core.package_identification:_identify(.) by extension 'cmake'
[0.139s] Level 1:colcon.colcon_core.package_identification:_identify(.) by extension 'python'
[0.139s] Level 1:colcon.colcon_core.package_identification:_identify(.) by extensions ['python_setup_py']
[0.139s] Level 1:colcon.colcon_core.package_identification:_identify(.) by extension 'python_setup_py'
[0.139s] Level 1:colcon.colcon_core.package_identification:_identify(build) by extensions ['ignore', 'ignore_ament_install']
[0.139s] Level 1:colcon.colcon_core.package_identification:_identify(build) by extension 'ignore'
[0.139s] Level 1:colcon.colcon_core.package_identification:_identify(build) ignored
[0.139s] Level 1:colcon.colcon_core.package_identification:_identify(demo_takeoff_flight_land) by extensions ['ignore', 'ignore_ament_install']
[0.139s] Level 1:colcon.colcon_core.package_identification:_identify(demo_takeoff_flight_land) by extension 'ignore'
[0.139s] Level 1:colcon.colcon_core.package_identification:_identify(demo_takeoff_flight_land) by extension 'ignore_ament_install'
[0.139s] Level 1:colcon.colcon_core.package_identification:_identify(demo_takeoff_flight_land) by extensions ['colcon_pkg']
[0.139s] Level 1:colcon.colcon_core.package_identification:_identify(demo_takeoff_flight_land) by extension 'colcon_pkg'
[0.139s] Level 1:colcon.colcon_core.package_identification:_identify(demo_takeoff_flight_land) by extensions ['colcon_meta']
[0.139s] Level 1:colcon.colcon_core.package_identification:_identify(demo_takeoff_flight_land) by extension 'colcon_meta'
[0.139s] Level 1:colcon.colcon_core.package_identification:_identify(demo_takeoff_flight_land) by extensions ['ros']
[0.139s] Level 1:colcon.colcon_core.package_identification:_identify(demo_takeoff_flight_land) by extension 'ros'
[0.141s] DEBUG:colcon.colcon_core.package_identification:Package 'demo_takeoff_flight_land' with type 'ros.ament_python' and name 'demo_takeoff_flight_land'
[0.141s] Level 1:colcon.colcon_core.package_identification:_identify(install) by extensions ['ignore', 'ignore_ament_install']
[0.142s] Level 1:colcon.colcon_core.package_identification:_identify(install) by extension 'ignore'
[0.142s] Level 1:colcon.colcon_core.package_identification:_identify(install) ignored
[0.142s] Level 1:colcon.colcon_core.package_identification:_identify(log) by extensions ['ignore', 'ignore_ament_install']
[0.142s] Level 1:colcon.colcon_core.package_identification:_identify(log) by extension 'ignore'
[0.142s] Level 1:colcon.colcon_core.package_identification:_identify(log) ignored
[0.142s] Level 1:colcon.colcon_core.package_discovery:discover_packages(recursive) using defaults
[0.142s] Level 1:colcon.colcon_core.package_discovery:discover_packages(ignore) discover
[0.142s] Level 1:colcon.colcon_core.package_discovery:discover_packages(ignore) using defaults
[0.142s] Level 1:colcon.colcon_core.package_discovery:discover_packages(path) discover
[0.142s] Level 1:colcon.colcon_core.package_discovery:discover_packages(path) using defaults
[0.160s] Level 1:colcon.colcon_core.package_discovery:discover_packages(prefix_path) check parameters
[0.160s] Level 1:colcon.colcon_core.package_discovery:discover_packages(prefix_path) discover
[0.162s] DEBUG:colcon.colcon_installed_package_information.package_discovery:Found 283 installed packages in /opt/ros/humble
[0.162s] Level 1:colcon.colcon_core.package_discovery:discover_packages(prefix_path) using defaults
[0.194s] Level 5:colcon.colcon_core.verb:set package 'demo_takeoff_flight_land' build argument 'cmake_args' from command line to 'None'
[0.194s] Level 5:colcon.colcon_core.verb:set package 'demo_takeoff_flight_land' build argument 'cmake_target' from command line to 'None'
[0.194s] Level 5:colcon.colcon_core.verb:set package 'demo_takeoff_flight_land' build argument 'cmake_target_skip_unavailable' from command line to 'False'
[0.194s] Level 5:colcon.colcon_core.verb:set package 'demo_takeoff_flight_land' build argument 'cmake_clean_cache' from command line to 'False'
[0.194s] Level 5:colcon.colcon_core.verb:set package 'demo_takeoff_flight_land' build argument 'cmake_clean_first' from command line to 'False'
[0.194s] Level 5:colcon.colcon_core.verb:set package 'demo_takeoff_flight_land' build argument 'cmake_force_configure' from command line to 'False'
[0.194s] Level 5:colcon.colcon_core.verb:set package 'demo_takeoff_flight_land' build argument 'ament_cmake_args' from command line to 'None'
[0.194s] Level 5:colcon.colcon_core.verb:set package 'demo_takeoff_flight_land' build argument 'catkin_cmake_args' from command line to 'None'
[0.194s] Level 5:colcon.colcon_core.verb:set package 'demo_takeoff_flight_land' build argument 'catkin_skip_building_tests' from command line to 'False'
[0.194s] DEBUG:colcon.colcon_core.verb:Building package 'demo_takeoff_flight_land' with the following arguments: {'ament_cmake_args': None, 'build_base': '/home/luckiop/IDEA_learn_ws/ros2_ws/demo_起飞飞行降落/build/demo_takeoff_flight_land', 'catkin_cmake_args': None, 'catkin_skip_building_tests': False, 'cmake_args': None, 'cmake_clean_cache': False, 'cmake_clean_first': False, 'cmake_force_configure': False, 'cmake_target': None, 'cmake_target_skip_unavailable': False, 'install_base': '/home/luckiop/IDEA_learn_ws/ros2_ws/demo_起飞飞行降落/install/demo_takeoff_flight_land', 'merge_install': False, 'path': '/home/luckiop/IDEA_learn_ws/ros2_ws/demo_起飞飞行降落/demo_takeoff_flight_land', 'symlink_install': False, 'test_result_base': None}
[0.194s] INFO:colcon.colcon_core.executor:Executing jobs using 'parallel' executor
[0.196s] DEBUG:colcon.colcon_parallel_executor.executor.parallel:run_until_complete
[0.197s] INFO:colcon.colcon_ros.task.ament_python.build:Building ROS package in '/home/luckiop/IDEA_learn_ws/ros2_ws/demo_起飞飞行降落/demo_takeoff_flight_land' with build type 'ament_python'
[0.197s] Level 1:colcon.colcon_core.shell:create_environment_hook('demo_takeoff_flight_land', 'ament_prefix_path')
[0.198s] INFO:colcon.colcon_core.plugin_system:Skipping extension 'colcon_core.shell.bat': Not used on non-Windows systems
[0.198s] INFO:colcon.colcon_core.shell:Creating environment hook '/home/luckiop/IDEA_learn_ws/ros2_ws/demo_起飞飞行降落/install/demo_takeoff_flight_land/share/demo_takeoff_flight_land/hook/ament_prefix_path.ps1'
[0.199s] INFO:colcon.colcon_core.shell:Creating environment descriptor '/home/luckiop/IDEA_learn_ws/ros2_ws/demo_起飞飞行降落/install/demo_takeoff_flight_land/share/demo_takeoff_flight_land/hook/ament_prefix_path.dsv'
[0.199s] INFO:colcon.colcon_core.shell:Creating environment hook '/home/luckiop/IDEA_learn_ws/ros2_ws/demo_起飞飞行降落/install/demo_takeoff_flight_land/share/demo_takeoff_flight_land/hook/ament_prefix_path.sh'
[0.200s] INFO:colcon.colcon_core.shell:Skip shell extension 'powershell' for command environment: Not usable outside of PowerShell
[0.200s] DEBUG:colcon.colcon_core.shell:Skip shell extension 'dsv' for command environment
[0.385s] INFO:colcon.colcon_core.task.python.build:Building Python package in '/home/luckiop/IDEA_learn_ws/ros2_ws/demo_起飞飞行降落/demo_takeoff_flight_land'
[0.385s] INFO:colcon.colcon_core.shell:Skip shell extension 'powershell' for command environment: Not usable outside of PowerShell
[0.386s] DEBUG:colcon.colcon_core.shell:Skip shell extension 'dsv' for command environment
[0.741s] DEBUG:colcon.colcon_core.event_handler.log_command:Invoking command in '/home/luckiop/IDEA_learn_ws/ros2_ws/demo_起飞飞行降落/demo_takeoff_flight_land': PYTHONPATH=/home/luckiop/IDEA_learn_ws/ros2_ws/demo_起飞飞行降落/build/demo_takeoff_flight_land/prefix_override:/usr/lib/python3/dist-packages/colcon_core/task/python/colcon_distutils_commands:/home/luckiop/IDEA_learn_ws/ros2_ws/demo_起飞飞行降落/install/demo_takeoff_flight_land/lib/python3.10/site-packages:${PYTHONPATH} /usr/bin/python3 -W ignore:setup.py install is deprecated -W ignore:easy_install command is deprecated setup.py egg_info --egg-base ../build/demo_takeoff_flight_land build --build-base /home/luckiop/IDEA_learn_ws/ros2_ws/demo_起飞飞行降落/build/demo_takeoff_flight_land/build install --record /home/luckiop/IDEA_learn_ws/ros2_ws/demo_起飞飞行降落/build/demo_takeoff_flight_land/install.log --single-version-externally-managed install_data
[1.063s] DEBUG:colcon.colcon_core.event_handler.log_command:Invoked command in '/home/luckiop/IDEA_learn_ws/ros2_ws/demo_起飞飞行降落/demo_takeoff_flight_land' returned '0': PYTHONPATH=/home/luckiop/IDEA_learn_ws/ros2_ws/demo_起飞飞行降落/build/demo_takeoff_flight_land/prefix_override:/usr/lib/python3/dist-packages/colcon_core/task/python/colcon_distutils_commands:/home/luckiop/IDEA_learn_ws/ros2_ws/demo_起飞飞行降落/install/demo_takeoff_flight_land/lib/python3.10/site-packages:${PYTHONPATH} /usr/bin/python3 -W ignore:setup.py install is deprecated -W ignore:easy_install command is deprecated setup.py egg_info --egg-base ../build/demo_takeoff_flight_land build --build-base /home/luckiop/IDEA_learn_ws/ros2_ws/demo_起飞飞行降落/build/demo_takeoff_flight_land/build install --record /home/luckiop/IDEA_learn_ws/ros2_ws/demo_起飞飞行降落/build/demo_takeoff_flight_land/install.log --single-version-externally-managed install_data
[1.065s] Level 1:colcon.colcon_core.environment:checking '/home/luckiop/IDEA_learn_ws/ros2_ws/demo_起飞飞行降落/install/demo_takeoff_flight_land' for CMake module files
[1.066s] Level 1:colcon.colcon_core.environment:checking '/home/luckiop/IDEA_learn_ws/ros2_ws/demo_起飞飞行降落/install/demo_takeoff_flight_land' for CMake config files
[1.066s] Level 1:colcon.colcon_core.environment:checking '/home/luckiop/IDEA_learn_ws/ros2_ws/demo_起飞飞行降落/install/demo_takeoff_flight_land/lib'
[1.066s] Level 1:colcon.colcon_core.environment:checking '/home/luckiop/IDEA_learn_ws/ros2_ws/demo_起飞飞行降落/install/demo_takeoff_flight_land/bin'
[1.066s] Level 1:colcon.colcon_core.environment:checking '/home/luckiop/IDEA_learn_ws/ros2_ws/demo_起飞飞行降落/install/demo_takeoff_flight_land/lib/pkgconfig/demo_takeoff_flight_land.pc'
[1.067s] Level 1:colcon.colcon_core.environment:checking '/home/luckiop/IDEA_learn_ws/ros2_ws/demo_起飞飞行降落/install/demo_takeoff_flight_land/lib/python3.10/site-packages'
[1.067s] Level 1:colcon.colcon_core.shell:create_environment_hook('demo_takeoff_flight_land', 'pythonpath')
[1.067s] INFO:colcon.colcon_core.shell:Creating environment hook '/home/luckiop/IDEA_learn_ws/ros2_ws/demo_起飞飞行降落/install/demo_takeoff_flight_land/share/demo_takeoff_flight_land/hook/pythonpath.ps1'
[1.067s] INFO:colcon.colcon_core.shell:Creating environment descriptor '/home/luckiop/IDEA_learn_ws/ros2_ws/demo_起飞飞行降落/install/demo_takeoff_flight_land/share/demo_takeoff_flight_land/hook/pythonpath.dsv'
[1.068s] INFO:colcon.colcon_core.shell:Creating environment hook '/home/luckiop/IDEA_learn_ws/ros2_ws/demo_起飞飞行降落/install/demo_takeoff_flight_land/share/demo_takeoff_flight_land/hook/pythonpath.sh'
[1.068s] Level 1:colcon.colcon_core.environment:checking '/home/luckiop/IDEA_learn_ws/ros2_ws/demo_起飞飞行降落/install/demo_takeoff_flight_land/bin'
[1.068s] Level 1:colcon.colcon_core.environment:create_environment_scripts_only(demo_takeoff_flight_land)
[1.069s] INFO:colcon.colcon_core.shell:Creating package script '/home/luckiop/IDEA_learn_ws/ros2_ws/demo_起飞飞行降落/install/demo_takeoff_flight_land/share/demo_takeoff_flight_land/package.ps1'
[1.070s] INFO:colcon.colcon_core.shell:Creating package descriptor '/home/luckiop/IDEA_learn_ws/ros2_ws/demo_起飞飞行降落/install/demo_takeoff_flight_land/share/demo_takeoff_flight_land/package.dsv'
[1.070s] INFO:colcon.colcon_core.shell:Creating package script '/home/luckiop/IDEA_learn_ws/ros2_ws/demo_起飞飞行降落/install/demo_takeoff_flight_land/share/demo_takeoff_flight_land/package.sh'
[1.071s] INFO:colcon.colcon_core.shell:Creating package script '/home/luckiop/IDEA_learn_ws/ros2_ws/demo_起飞飞行降落/install/demo_takeoff_flight_land/share/demo_takeoff_flight_land/package.bash'
[1.071s] INFO:colcon.colcon_core.shell:Creating package script '/home/luckiop/IDEA_learn_ws/ros2_ws/demo_起飞飞行降落/install/demo_takeoff_flight_land/share/demo_takeoff_flight_land/package.zsh'
[1.072s] Level 1:colcon.colcon_core.environment:create_file_with_runtime_dependencies(/home/luckiop/IDEA_learn_ws/ros2_ws/demo_起飞飞行降落/install/demo_takeoff_flight_land/share/colcon-core/packages/demo_takeoff_flight_land)
[1.072s] DEBUG:colcon.colcon_parallel_executor.executor.parallel:closing loop
[1.073s] DEBUG:colcon.colcon_parallel_executor.executor.parallel:loop closed
[1.073s] DEBUG:colcon.colcon_parallel_executor.executor.parallel:run_until_complete finished with '0'
[1.073s] DEBUG:colcon.colcon_core.event_reactor:joining thread
[1.074s] DEBUG:colcon.colcon_core.event_reactor:joined thread
[1.074s] INFO:colcon.colcon_core.shell:Creating prefix script '/home/luckiop/IDEA_learn_ws/ros2_ws/demo_起飞飞行降落/install/local_setup.ps1'
[1.075s] INFO:colcon.colcon_core.shell:Creating prefix util module '/home/luckiop/IDEA_learn_ws/ros2_ws/demo_起飞飞行降落/install/_local_setup_util_ps1.py'
[1.076s] INFO:colcon.colcon_core.shell:Creating prefix chain script '/home/luckiop/IDEA_learn_ws/ros2_ws/demo_起飞飞行降落/install/setup.ps1'
[1.077s] INFO:colcon.colcon_core.shell:Creating prefix script '/home/luckiop/IDEA_learn_ws/ros2_ws/demo_起飞飞行降落/install/local_setup.sh'
[1.078s] INFO:colcon.colcon_core.shell:Creating prefix util module '/home/luckiop/IDEA_learn_ws/ros2_ws/demo_起飞飞行降落/install/_local_setup_util_sh.py'
[1.079s] INFO:colcon.colcon_core.shell:Creating prefix chain script '/home/luckiop/IDEA_learn_ws/ros2_ws/demo_起飞飞行降落/install/setup.sh'
[1.079s] INFO:colcon.colcon_core.shell:Creating prefix script '/home/luckiop/IDEA_learn_ws/ros2_ws/demo_起飞飞行降落/install/local_setup.bash'
[1.080s] INFO:colcon.colcon_core.shell:Creating prefix chain script '/home/luckiop/IDEA_learn_ws/ros2_ws/demo_起飞飞行降落/install/setup.bash'
[1.080s] INFO:colcon.colcon_core.shell:Creating prefix script '/home/luckiop/IDEA_learn_ws/ros2_ws/demo_起飞飞行降落/install/local_setup.zsh'
[1.081s] INFO:colcon.colcon_core.shell:Creating prefix chain script '/home/luckiop/IDEA_learn_ws/ros2_ws/demo_起飞飞行降落/install/setup.zsh'
