running egg_info
creating ../build/demo_takeoff_flight_land/demo_takeoff_flight_land.egg-info
writing ../build/demo_takeoff_flight_land/demo_takeoff_flight_land.egg-info/PKG-INFO
writing dependency_links to ../build/demo_takeoff_flight_land/demo_takeoff_flight_land.egg-info/dependency_links.txt
writing entry points to ../build/demo_takeoff_flight_land/demo_takeoff_flight_land.egg-info/entry_points.txt
writing requirements to ../build/demo_takeoff_flight_land/demo_takeoff_flight_land.egg-info/requires.txt
writing top-level names to ../build/demo_takeoff_flight_land/demo_takeoff_flight_land.egg-info/top_level.txt
writing manifest file '../build/demo_takeoff_flight_land/demo_takeoff_flight_land.egg-info/SOURCES.txt'
reading manifest file '../build/demo_takeoff_flight_land/demo_takeoff_flight_land.egg-info/SOURCES.txt'
writing manifest file '../build/demo_takeoff_flight_land/demo_takeoff_flight_land.egg-info/SOURCES.txt'
running build
running build_py
creating /home/luckiop/IDEA_learn_ws/ros2_ws/demo_起飞飞行降落/build/demo_takeoff_flight_land/build/lib/demo_takeoff_flight_land
copying demo_takeoff_flight_land/mission_node.py -> /home/luckiop/IDEA_learn_ws/ros2_ws/demo_起飞飞行降落/build/demo_takeoff_flight_land/build/lib/demo_takeoff_flight_land
copying demo_takeoff_flight_land/__init__.py -> /home/luckiop/IDEA_learn_ws/ros2_ws/demo_起飞飞行降落/build/demo_takeoff_flight_land/build/lib/demo_takeoff_flight_land
copying demo_takeoff_flight_land/py.typed -> /home/luckiop/IDEA_learn_ws/ros2_ws/demo_起飞飞行降落/build/demo_takeoff_flight_land/build/lib/demo_takeoff_flight_land
running install
running install_lib
creating /home/luckiop/IDEA_learn_ws/ros2_ws/demo_起飞飞行降落/install/demo_takeoff_flight_land/lib/python3.10/site-packages/demo_takeoff_flight_land
copying /home/luckiop/IDEA_learn_ws/ros2_ws/demo_起飞飞行降落/build/demo_takeoff_flight_land/build/lib/demo_takeoff_flight_land/mission_node.py -> /home/luckiop/IDEA_learn_ws/ros2_ws/demo_起飞飞行降落/install/demo_takeoff_flight_land/lib/python3.10/site-packages/demo_takeoff_flight_land
copying /home/luckiop/IDEA_learn_ws/ros2_ws/demo_起飞飞行降落/build/demo_takeoff_flight_land/build/lib/demo_takeoff_flight_land/py.typed -> /home/luckiop/IDEA_learn_ws/ros2_ws/demo_起飞飞行降落/install/demo_takeoff_flight_land/lib/python3.10/site-packages/demo_takeoff_flight_land
copying /home/luckiop/IDEA_learn_ws/ros2_ws/demo_起飞飞行降落/build/demo_takeoff_flight_land/build/lib/demo_takeoff_flight_land/__init__.py -> /home/luckiop/IDEA_learn_ws/ros2_ws/demo_起飞飞行降落/install/demo_takeoff_flight_land/lib/python3.10/site-packages/demo_takeoff_flight_land
byte-compiling /home/luckiop/IDEA_learn_ws/ros2_ws/demo_起飞飞行降落/install/demo_takeoff_flight_land/lib/python3.10/site-packages/demo_takeoff_flight_land/mission_node.py to mission_node.cpython-310.pyc
byte-compiling /home/luckiop/IDEA_learn_ws/ros2_ws/demo_起飞飞行降落/install/demo_takeoff_flight_land/lib/python3.10/site-packages/demo_takeoff_flight_land/__init__.py to __init__.cpython-310.pyc
running install_data
creating /home/luckiop/IDEA_learn_ws/ros2_ws/demo_起飞飞行降落/install/demo_takeoff_flight_land/share/ament_index/resource_index/packages
copying resource/demo_takeoff_flight_land -> /home/luckiop/IDEA_learn_ws/ros2_ws/demo_起飞飞行降落/install/demo_takeoff_flight_land/share/ament_index/resource_index/packages
copying package.xml -> /home/luckiop/IDEA_learn_ws/ros2_ws/demo_起飞飞行降落/install/demo_takeoff_flight_land/share/demo_takeoff_flight_land
creating /home/luckiop/IDEA_learn_ws/ros2_ws/demo_起飞飞行降落/install/demo_takeoff_flight_land/share/demo_takeoff_flight_land/launch
copying launch/mission.launch.py -> /home/luckiop/IDEA_learn_ws/ros2_ws/demo_起飞飞行降落/install/demo_takeoff_flight_land/share/demo_takeoff_flight_land/launch
running install_egg_info
Copying ../build/demo_takeoff_flight_land/demo_takeoff_flight_land.egg-info to /home/luckiop/IDEA_learn_ws/ros2_ws/demo_起飞飞行降落/install/demo_takeoff_flight_land/lib/python3.10/site-packages/demo_takeoff_flight_land-0.0.1-py3.10.egg-info
running install_scripts
Installing mission_node script to /home/luckiop/IDEA_learn_ws/ros2_ws/demo_起飞飞行降落/install/demo_takeoff_flight_land/lib/demo_takeoff_flight_land
writing list of installed files to '/home/luckiop/IDEA_learn_ws/ros2_ws/demo_起飞飞行降落/build/demo_takeoff_flight_land/install.log'
