[0.524s] Invoking command in '/home/luckiop/IDEA_learn_ws/ros2_ws/demo_起飞飞行降落/demo_takeoff_flight_land': PYTHONPATH=/home/luckiop/IDEA_learn_ws/ros2_ws/demo_起飞飞行降落/build/demo_takeoff_flight_land/prefix_override:/usr/lib/python3/dist-packages/colcon_core/task/python/colcon_distutils_commands:/home/luckiop/IDEA_learn_ws/ros2_ws/demo_起飞飞行降落/install/demo_takeoff_flight_land/lib/python3.10/site-packages:${PYTHONPATH} /usr/bin/python3 -W ignore:setup.py install is deprecated -W ignore:easy_install command is deprecated setup.py egg_info --egg-base ../build/demo_takeoff_flight_land build --build-base /home/luckiop/IDEA_learn_ws/ros2_ws/demo_起飞飞行降落/build/demo_takeoff_flight_land/build install --record /home/luckiop/IDEA_learn_ws/ros2_ws/demo_起飞飞行降落/build/demo_takeoff_flight_land/install.log --single-version-externally-managed install_data
[0.609s] /home/luckiop/.local/lib/python3.10/site-packages/setuptools/_distutils/dist.py:287: UserWarning: Unknown distribution option: 'tests_require'
[0.610s]   warnings.warn(msg)
[0.648s] running egg_info
[0.656s] creating ../build/demo_takeoff_flight_land/demo_takeoff_flight_land.egg-info
[0.656s] writing ../build/demo_takeoff_flight_land/demo_takeoff_flight_land.egg-info/PKG-INFO
[0.656s] writing dependency_links to ../build/demo_takeoff_flight_land/demo_takeoff_flight_land.egg-info/dependency_links.txt
[0.656s] writing entry points to ../build/demo_takeoff_flight_land/demo_takeoff_flight_land.egg-info/entry_points.txt
[0.656s] writing requirements to ../build/demo_takeoff_flight_land/demo_takeoff_flight_land.egg-info/requires.txt
[0.657s] writing top-level names to ../build/demo_takeoff_flight_land/demo_takeoff_flight_land.egg-info/top_level.txt
[0.657s] writing manifest file '../build/demo_takeoff_flight_land/demo_takeoff_flight_land.egg-info/SOURCES.txt'
[0.673s] reading manifest file '../build/demo_takeoff_flight_land/demo_takeoff_flight_land.egg-info/SOURCES.txt'
[0.674s] writing manifest file '../build/demo_takeoff_flight_land/demo_takeoff_flight_land.egg-info/SOURCES.txt'
[0.674s] running build
[0.674s] running build_py
[0.674s] creating /home/luckiop/IDEA_learn_ws/ros2_ws/demo_起飞飞行降落/build/demo_takeoff_flight_land/build/lib/demo_takeoff_flight_land
[0.674s] copying demo_takeoff_flight_land/mission_node.py -> /home/luckiop/IDEA_learn_ws/ros2_ws/demo_起飞飞行降落/build/demo_takeoff_flight_land/build/lib/demo_takeoff_flight_land
[0.674s] copying demo_takeoff_flight_land/__init__.py -> /home/luckiop/IDEA_learn_ws/ros2_ws/demo_起飞飞行降落/build/demo_takeoff_flight_land/build/lib/demo_takeoff_flight_land
[0.674s] copying demo_takeoff_flight_land/py.typed -> /home/luckiop/IDEA_learn_ws/ros2_ws/demo_起飞飞行降落/build/demo_takeoff_flight_land/build/lib/demo_takeoff_flight_land
[0.675s] running install
[0.677s] running install_lib
[0.684s] creating /home/luckiop/IDEA_learn_ws/ros2_ws/demo_起飞飞行降落/install/demo_takeoff_flight_land/lib/python3.10/site-packages/demo_takeoff_flight_land
[0.684s] copying /home/luckiop/IDEA_learn_ws/ros2_ws/demo_起飞飞行降落/build/demo_takeoff_flight_land/build/lib/demo_takeoff_flight_land/mission_node.py -> /home/luckiop/IDEA_learn_ws/ros2_ws/demo_起飞飞行降落/install/demo_takeoff_flight_land/lib/python3.10/site-packages/demo_takeoff_flight_land
[0.684s] copying /home/luckiop/IDEA_learn_ws/ros2_ws/demo_起飞飞行降落/build/demo_takeoff_flight_land/build/lib/demo_takeoff_flight_land/py.typed -> /home/luckiop/IDEA_learn_ws/ros2_ws/demo_起飞飞行降落/install/demo_takeoff_flight_land/lib/python3.10/site-packages/demo_takeoff_flight_land
[0.684s] copying /home/luckiop/IDEA_learn_ws/ros2_ws/demo_起飞飞行降落/build/demo_takeoff_flight_land/build/lib/demo_takeoff_flight_land/__init__.py -> /home/luckiop/IDEA_learn_ws/ros2_ws/demo_起飞飞行降落/install/demo_takeoff_flight_land/lib/python3.10/site-packages/demo_takeoff_flight_land
[0.685s] byte-compiling /home/luckiop/IDEA_learn_ws/ros2_ws/demo_起飞飞行降落/install/demo_takeoff_flight_land/lib/python3.10/site-packages/demo_takeoff_flight_land/mission_node.py to mission_node.cpython-310.pyc
[0.686s] byte-compiling /home/luckiop/IDEA_learn_ws/ros2_ws/demo_起飞飞行降落/install/demo_takeoff_flight_land/lib/python3.10/site-packages/demo_takeoff_flight_land/__init__.py to __init__.cpython-310.pyc
[0.686s] running install_data
[0.686s] creating /home/luckiop/IDEA_learn_ws/ros2_ws/demo_起飞飞行降落/install/demo_takeoff_flight_land/share/ament_index/resource_index/packages
[0.686s] copying resource/demo_takeoff_flight_land -> /home/luckiop/IDEA_learn_ws/ros2_ws/demo_起飞飞行降落/install/demo_takeoff_flight_land/share/ament_index/resource_index/packages
[0.686s] copying package.xml -> /home/luckiop/IDEA_learn_ws/ros2_ws/demo_起飞飞行降落/install/demo_takeoff_flight_land/share/demo_takeoff_flight_land
[0.686s] creating /home/luckiop/IDEA_learn_ws/ros2_ws/demo_起飞飞行降落/install/demo_takeoff_flight_land/share/demo_takeoff_flight_land/launch
[0.687s] copying launch/mission.launch.py -> /home/luckiop/IDEA_learn_ws/ros2_ws/demo_起飞飞行降落/install/demo_takeoff_flight_land/share/demo_takeoff_flight_land/launch
[0.687s] running install_egg_info
[0.695s] Copying ../build/demo_takeoff_flight_land/demo_takeoff_flight_land.egg-info to /home/luckiop/IDEA_learn_ws/ros2_ws/demo_起飞飞行降落/install/demo_takeoff_flight_land/lib/python3.10/site-packages/demo_takeoff_flight_land-0.0.1-py3.10.egg-info
[0.695s] running install_scripts
[0.711s] Installing mission_node script to /home/luckiop/IDEA_learn_ws/ros2_ws/demo_起飞飞行降落/install/demo_takeoff_flight_land/lib/demo_takeoff_flight_land
[0.711s] writing list of installed files to '/home/luckiop/IDEA_learn_ws/ros2_ws/demo_起飞飞行降落/build/demo_takeoff_flight_land/install.log'
[0.732s] Invoked command in '/home/luckiop/IDEA_learn_ws/ros2_ws/demo_起飞飞行降落/demo_takeoff_flight_land' returned '0': PYTHONPATH=/home/luckiop/IDEA_learn_ws/ros2_ws/demo_起飞飞行降落/build/demo_takeoff_flight_land/prefix_override:/usr/lib/python3/dist-packages/colcon_core/task/python/colcon_distutils_commands:/home/luckiop/IDEA_learn_ws/ros2_ws/demo_起飞飞行降落/install/demo_takeoff_flight_land/lib/python3.10/site-packages:${PYTHONPATH} /usr/bin/python3 -W ignore:setup.py install is deprecated -W ignore:easy_install command is deprecated setup.py egg_info --egg-base ../build/demo_takeoff_flight_land build --build-base /home/luckiop/IDEA_learn_ws/ros2_ws/demo_起飞飞行降落/build/demo_takeoff_flight_land/build install --record /home/luckiop/IDEA_learn_ws/ros2_ws/demo_起飞飞行降落/build/demo_takeoff_flight_land/install.log --single-version-externally-managed install_data
